<?xml version="1.0" encoding="UTF-8"?>
<!-- Generated by org.testng.reporters.JUnitXMLReporter -->
<testsuite hostname="VISHNU" ignored="0" name="User login" tests="1" failures="1" timestamp="25 Apr 2020 09:16:38 GMT" time="15.703" errors="0">
  <testcase name="logintest2" time="14.738" classname="testcases.LoginTest">
    <failure type="java.lang.AssertionError" message="expected [true] but found [false]">
      <![CDATA[java.lang.AssertionError: expected [true] but found [false]
at testcases.LoginTest.logintest2(LoginTest.java:42)
... Removed 29 stack frames]]>
    </failure>
  </testcase> <!-- logintest2 -->
</testsuite> <!-- User login -->
