<?xml version="1.0" encoding="UTF-8"?>
<testng-results skipped="0" failed="0" ignored="0" total="1" passed="1">
  <reporter-output>
  </reporter-output>
  <suite name="Default suite" duration-ms="51" started-at="2020-04-25T14:04:56Z" finished-at="2020-04-25T14:04:56Z">
    <groups>
    </groups>
    <test name="Default test" duration-ms="51" started-at="2020-04-25T14:04:56Z" finished-at="2020-04-25T14:04:56Z">
      <class name="testcases.LoginTest">
        <test-method status="PASS" signature="logintest2()[pri:0, instance:testcases.LoginTest@4d5b6aac]" name="logintest2" duration-ms="23" started-at="2020-04-25T14:04:56Z" finished-at="2020-04-25T14:04:56Z">
          <reporter-output>
          </reporter-output>
        </test-method> <!-- logintest2 -->
      </class> <!-- testcases.LoginTest -->
    </test> <!-- Default test -->
  </suite> <!-- Default suite -->
</testng-results>
